<?xml version="1.0" encoding="UTF-8"?>
<!-- Generated by org.testng.reporters.JUnitReportReporter -->
<testsuite skipped="0" hostname="DESKTOP-2VT3LH1" name="Test.TestAmazon" tests="1" failures="0" timestamp="2022-02-03T22:57:47 CET" time="32.712" errors="0">
  <testcase name="proceedToCheckOut" time="32.712" classname="Test.TestAmazon"/>
  <system-out/>
</testsuite> <!-- Test.TestAmazon -->
